2024-08-11T13:49:13+00:00 NOTICE webhooks :: Ran plugin updater
2024-08-11T13:50:32+00:00 NOTICE action_scheduler.queue_job :: MailChimp_WooCommerce_Single_Product starts in 5 seconds :: obj_id 66
2024-08-11T13:50:48+00:00 NOTICE action_scheduler.queue_job :: MailChimp_WooCommerce_Single_Product starts in 5 seconds :: obj_id 68
2024-08-11T13:51:01+00:00 NOTICE action_scheduler.queue_job :: MailChimp_WooCommerce_Single_Product starts in 5 seconds :: obj_id 70
2024-08-11T13:51:02+00:00 NOTICE action_scheduler.queue_job :: MailChimp_WooCommerce_Single_Product starts in 5 seconds :: obj_id 72
2024-08-11T13:51:07+00:00 NOTICE action_scheduler.queue_job :: MailChimp_WooCommerce_Single_Product starts in 5 seconds :: obj_id 74
2024-08-11T13:51:08+00:00 NOTICE action_scheduler.queue_job :: MailChimp_WooCommerce_Single_Product starts in 5 seconds :: obj_id 76
2024-08-11T14:18:14+00:00 NOTICE profile :: user_update_subscribe_status :: Array
(
    [subscribed] => 
    [user_id] => 1
    [gdpr_fields] => 
)
2024-08-11T14:18:22+00:00 NOTICE profile :: user_update_subscribe_status :: Array
(
    [subscribed] => 
    [user_id] => 1
    [gdpr_fields] => 
)
2024-08-11T14:18:23+00:00 NOTICE profile :: user_update_subscribe_status :: Array
(
    [subscribed] => 
    [user_id] => 1
    [gdpr_fields] => 
)
2024-08-11T14:18:23+00:00 NOTICE profile :: user_update_subscribe_status :: Array
(
    [subscribed] => 
    [user_id] => 1
    [gdpr_fields] => 
)
2024-08-11T14:18:23+00:00 NOTICE profile :: user_update_subscribe_status :: Array
(
    [subscribed] => 
    [user_id] => 1
    [gdpr_fields] => 
)
2024-08-11T14:18:23+00:00 NOTICE profile :: user_update_subscribe_status :: Array
(
    [subscribed] => 
    [user_id] => 1
    [gdpr_fields] => 
)
2024-08-11T14:18:24+00:00 NOTICE profile :: user_update_subscribe_status :: Array
(
    [subscribed] => 
    [user_id] => 1
    [gdpr_fields] => 
)
2024-08-11T15:22:15+00:00 NOTICE action_scheduler.queue_job :: MailChimp_WooCommerce_Single_Product starts in 5 seconds :: obj_id 88
2024-08-11T15:22:19+00:00 NOTICE action_scheduler.queue_job :: MailChimp_WooCommerce_Single_Product starts in 5 seconds :: obj_id 89
